<?xml version="1.0" encoding="utf-8"?><testsuites name="pytest tests"><testsuite name="pytest" errors="0" failures="0" skipped="0" tests="5" time="3.657" timestamp="2026-08-01T22:12:51.873548+00:00" hostname="agent-env-33d22506-b006-4657-a79b-32a086706761"><testcase classname="backend.tests.test_dedupe_events" name="test_cadastro_multiple_calls_single_event" time="0.304" /><testcase classname="backend.tests.test_dedupe_events" name="test_inscricao_multiple_calls_single_event" time="1.177" /><testcase classname="backend.tests.test_dedupe_events" name="test_two_different_cargos_two_events" time="1.126" /><testcase classname="backend.tests.test_dedupe_events" name="test_admin_realtime_no_duplicate_events" time="0.391" /><testcase classname="backend.tests.test_dedupe_events" name="test_regression_normal_flow" time="0.512" /></testsuite></testsuites>