<?xml version="1.0" encoding="utf-8"?><testsuites name="pytest tests"><testsuite name="pytest" errors="0" failures="0" skipped="1" tests="20" time="1.976" timestamp="2026-08-01T22:01:10.703825+00:00" hostname="agent-env-33d22506-b006-4657-a79b-32a086706761"><testcase classname="tests.test_telegram_notifications.TestFormatters" name="test_status_emoji_all_values" time="0.000" /><testcase classname="tests.test_telegram_notifications.TestFormatters" name="test_format_cpf_br" time="0.000" /><testcase classname="tests.test_telegram_notifications.TestFormatters" name="test_format_data_hora_brt" time="0.000" /><testcase classname="tests.test_telegram_notifications.TestFormatters" name="test_format_data_hora_brt_string_iso" time="0.000" /><testcase classname="tests.test_telegram_notifications.TestBuildTelegramMessage" name="test_full_message_aguardando" time="0.000" /><testcase classname="tests.test_telegram_notifications.TestBuildTelegramMessage" name="test_message_pix_gerado" time="0.000" /><testcase classname="tests.test_telegram_notifications.TestBuildTelegramMessage" name="test_message_pix_copiado" time="0.000" /><testcase classname="tests.test_telegram_notifications.TestBuildTelegramMessage" name="test_message_pix_baixado" time="0.000" /><testcase classname="tests.test_telegram_notifications.TestBuildTelegramMessage" name="test_message_separator_and_labels" time="0.000" /><testcase classname="tests.test_telegram_notifications.TestBuildTelegramMessage" name="test_valor_brazilian_format" time="0.000" /><testcase classname="tests.test_telegram_notifications.TestBuildTelegramMessage" name="test_valor_zero_shows_dash" time="0.001" /><testcase classname="tests.test_telegram_notifications.TestBuildTelegramMessage" name="test_device_mobile" time="0.000" /><testcase classname="tests.test_telegram_notifications.TestBuildTelegramMessage" name="test_local_fallback" time="0.000" /><testcase classname="tests.test_telegram_notifications.TestSettingsInDB" name="test_telegram_credentials_absent_from_db" time="0.380"><skipped type="pytest.skip" message="Telegram credentials NOT persisted in db.settings._id='main' — Telegram notifications will NOT fire. User claim is INCORRECT.">/app/backend/tests/test_telegram_notifications.py:156: Telegram credentials NOT persisted in db.settings._id='main' — Telegram notifications will NOT fire. User claim is INCORRECT.</skipped></testcase><testcase classname="tests.test_telegram_notifications.TestAdminTelegramTestEndpoint" name="test_requires_auth" time="0.157" /><testcase classname="tests.test_telegram_notifications.TestAdminTelegramTestEndpoint" name="test_missing_credentials_returns_400" time="0.498" /><testcase classname="tests.test_telegram_notifications.TestAdminTelegramTestEndpoint" name="test_invalid_token_returns_400" time="0.527" /><testcase classname="tests.test_telegram_notifications" name="test_notify_or_update_telegram_sends_and_saves_message_id" time="0.096" /><testcase classname="tests.test_telegram_notifications" name="test_notify_edits_existing_message_on_pix_events" time="0.007" /><testcase classname="tests.test_telegram_notifications" name="test_notify_skips_when_telegram_disabled" time="0.005" /></testsuite></testsuites>